<?xml version="1.0" encoding="UTF-8"?>
<!-- Generated by org.testng.reporters.JUnitReportReporter -->
<testsuite hostname="preetiacer" failures="1" tests="8" name="Test1" time="17.280" errors="0" timestamp="2023-04-10T20:10:26 PDT" skipped="0">
  <testcase classname="Test1" name="testStatusCode" time="1.504"/>
  <system-out/>
  <testcase classname="Test1" name="testSymbolData" time="2.284"/>
  <system-out/>
  <testcase classname="Test1" name="testBaseAssetData" time="3.822"/>
  <system-out/>
  <testcase classname="Test1" name="testResponseFormat" time="1.528"/>
  <system-out/>
  <testcase classname="Test1" name="testFindFiveAssetsWithLeastDifferenceBetweenBidAndAskPrice" time="2.282">
    <failure message="Lists differ at element [1]: paxginr != btcinr expected [paxginr] but found [btcinr]" type="java.lang.AssertionError">
      <![CDATA[java.lang.AssertionError: Lists differ at element [1]: paxginr != btcinr expected [paxginr] but found [btcinr]
at org.testng.Assert.fail(Assert.java:110)
at org.testng.Assert.failNotEquals(Assert.java:1413)
at org.testng.Assert.assertEqualsImpl(Assert.java:149)
at org.testng.Assert.assertEquals(Assert.java:1479)
at org.testng.Assert.assertEquals(Assert.java:1441)
at Test1.testFindFiveAssetsWithLeastDifferenceBetweenBidAndAskPrice(Test1.java:107)
at java.base/jdk.internal.reflect.DirectMethodHandleAccessor.invoke(DirectMethodHandleAccessor.java:104)
at java.base/java.lang.reflect.Method.invoke(Method.java:578)
at org.testng.internal.invokers.MethodInvocationHelper.invokeMethod(MethodInvocationHelper.java:139)
at org.testng.internal.invokers.TestInvoker.invokeMethod(TestInvoker.java:677)
at org.testng.internal.invokers.TestInvoker.invokeTestMethod(TestInvoker.java:221)
at org.testng.internal.invokers.MethodRunner.runInSequence(MethodRunner.java:50)
at org.testng.internal.invokers.TestInvoker$MethodInvocationAgent.invoke(TestInvoker.java:962)
at org.testng.internal.invokers.TestInvoker.invokeTestMethods(TestInvoker.java:194)
at org.testng.internal.invokers.TestMethodWorker.invokeTestMethods(TestMethodWorker.java:148)
at org.testng.internal.invokers.TestMethodWorker.run(TestMethodWorker.java:128)
at java.base/java.util.ArrayList.forEach(ArrayList.java:1511)
at org.testng.TestRunner.privateRun(TestRunner.java:806)
at org.testng.TestRunner.run(TestRunner.java:601)
at org.testng.SuiteRunner.runTest(SuiteRunner.java:433)
at org.testng.SuiteRunner.runSequentially(SuiteRunner.java:427)
at org.testng.SuiteRunner.privateRun(SuiteRunner.java:387)
at org.testng.SuiteRunner.run(SuiteRunner.java:330)
at org.testng.SuiteRunnerWorker.runSuite(SuiteRunnerWorker.java:52)
at org.testng.SuiteRunnerWorker.run(SuiteRunnerWorker.java:95)
at org.testng.TestNG.runSuitesSequentially(TestNG.java:1256)
at org.testng.TestNG.runSuitesLocally(TestNG.java:1176)
at org.testng.TestNG.runSuites(TestNG.java:1099)
at org.testng.TestNG.run(TestNG.java:1067)
at org.testng.remote.AbstractRemoteTestNG.run(AbstractRemoteTestNG.java:115)
at org.testng.remote.RemoteTestNG.initAndRun(RemoteTestNG.java:251)
at org.testng.remote.RemoteTestNG.main(RemoteTestNG.java:77)
]]>
    </failure>
  </testcase> <!-- testFindFiveAssetsWithLeastDifferenceBetweenBidAndAskPrice -->
  <system-out/>
  <testcase classname="Test1" name="testResponseTime" time="1.447"/>
  <system-out/>
  <testcase classname="Test1" name="testSymbolsAndBaseAssetsWithVolumeMoreThanAvgVolume1" time="2.378"/>
  <system-out/>
  <testcase classname="Test1" name="testSymbolsWithOpenPriceLessThanLowPrice" time="2.035"/>
  <system-out/>
</testsuite> <!-- Test1 -->
