<?xml version="1.0" encoding="UTF-8"?>
<!-- Generated by org.testng.reporters.JUnitReportReporter -->
<testsuite hostname="preetiacer" failures="0" tests="1" name="package1.Project2" time="2.593" errors="0" timestamp="2023-04-11T15:02:35 PDT" skipped="0">
  <testcase classname="package1.Project2" name="typesOfAuth" time="2.593"/>
  <system-out/>
</testsuite> <!-- package1.Project2 -->
